{"C:\\projetos\\AppQuarto237\\src\\api\\axios.ts": {"path":"C:\\projetos\\AppQuarto237\\src\\api\\axios.ts","statementMap":{"0":{"start":{"line":1,"column":0},"end":{"line":1,"column":26}},"1":{"start":{"line":3,"column":13},"end":{"line":8,"column":3}},"2":{"start":{"line":10,"column":13},"end":{"line":15,"column":3}}},"fnMap":{},"branchMap":{},"s":{"0":2,"1":2,"2":2},"f":{},"b":{}}
,"C:\\projetos\\AppQuarto237\\src\\componentes\\FormControlled\\index.tsx": {"path":"C:\\projetos\\AppQuarto237\\src\\componentes\\FormControlled\\index.tsx","statementMap":{"0":{"start":{"line":1,"column":0},"end":{"line":1,"column":51}},"1":{"start":{"line":2,"column":0},"end":{"line":2,"column":28}},"2":{"start":{"line":3,"column":0},"end":{"line":3,"column":44}},"3":{"start":{"line":4,"column":0},"end":{"line":4,"column":55}},"4":{"start":{"line":5,"column":0},"end":{"line":5,"column":57}},"5":{"start":{"line":6,"column":0},"end":{"line":6,"column":57}},"6":{"start":{"line":28,"column":17},"end":{"line":174,"column":1}},"7":{"start":{"line":30,"column":30},"end":{"line":30,"column":42}},"8":{"start":{"line":30,"column":15},"end":{"line":30,"column":17}},"9":{"start":{"line":30,"column":26},"end":{"line":30,"column":30}},"10":{"start":{"line":31,"column":19},"end":{"line":31,"column":32}},"11":{"start":{"line":32,"column":36},"end":{"line":37,"column":4}},"12":{"start":{"line":32,"column":18},"end":{"line":32,"column":20}},"13":{"start":{"line":32,"column":32},"end":{"line":32,"column":36}},"14":{"start":{"line":38,"column":16},"end":{"line":38,"column":55}},"15":{"start":{"line":38,"column":39},"end":{"line":38,"column":55}},"16":{"start":{"line":40,"column":2},"end":{"line":42,"column":17}},"17":{"start":{"line":41,"column":4},"end":{"line":41,"column":29}},"18":{"start":{"line":73,"column":23},"end":{"line":82,"column":3}},"19":{"start":{"line":74,"column":4},"end":{"line":74,"column":23}},"20":{"start":{"line":75,"column":4},"end":{"line":75,"column":38}},"21":{"start":{"line":76,"column":4},"end":{"line":81,"column":7}},"22":{"start":{"line":84,"column":2},"end":{"line":173,"column":4}},"23":{"start":{"line":102,"column":14},"end":{"line":102,"column":null}},"24":{"start":{"line":115,"column":14},"end":{"line":115,"column":null}},"25":{"start":{"line":128,"column":14},"end":{"line":128,"column":null}},"26":{"start":{"line":141,"column":14},"end":{"line":141,"column":null}},"27":{"start":{"line":176,"column":0},"end":{"line":176,"column":24}}},"fnMap":{"0":{"name":"(anonymous_3)","decl":{"start":{"line":28,"column":17},"end":{"line":28,"column":null}},"loc":{"start":{"line":28,"column":17},"end":{"line":174,"column":1}}},"1":{"name":"(anonymous_4)","decl":{"start":{"line":38,"column":28},"end":{"line":38,"column":29}},"loc":{"start":{"line":38,"column":34},"end":{"line":38,"column":44}}},"2":{"name":"(anonymous_5)","decl":{"start":{"line":40,"column":12},"end":{"line":40,"column":null}},"loc":{"start":{"line":40,"column":12},"end":{"line":42,"column":3}}},"3":{"name":"(anonymous_6)","decl":{"start":{"line":73,"column":23},"end":{"line":73,"column":24}},"loc":{"start":{"line":73,"column":25},"end":{"line":82,"column":3}}},"4":{"name":"(anonymous_7)","decl":{"start":{"line":101,"column":22},"end":{"line":101,"column":23}},"loc":{"start":{"line":101,"column":24},"end":{"line":102,"column":26}}},"5":{"name":"(anonymous_8)","decl":{"start":{"line":114,"column":22},"end":{"line":114,"column":23}},"loc":{"start":{"line":114,"column":24},"end":{"line":115,"column":26}}},"6":{"name":"(anonymous_9)","decl":{"start":{"line":127,"column":22},"end":{"line":127,"column":23}},"loc":{"start":{"line":127,"column":24},"end":{"line":128,"column":26}}},"7":{"name":"(anonymous_10)","decl":{"start":{"line":140,"column":22},"end":{"line":140,"column":23}},"loc":{"start":{"line":140,"column":24},"end":{"line":141,"column":26}}}},"branchMap":{},"s":{"0":1,"1":1,"2":1,"3":1,"4":1,"5":1,"6":1,"7":79,"8":79,"9":79,"10":79,"11":79,"12":79,"13":79,"14":79,"15":84,"16":79,"17":5,"18":79,"19":0,"20":0,"21":0,"22":79,"23":10,"24":48,"25":1,"26":10,"27":1},"f":{"0":79,"1":84,"2":5,"3":0,"4":10,"5":48,"6":1,"7":10},"b":{}}
,"C:\\projetos\\AppQuarto237\\src\\componentes\\FormControlled\\styles.tsx": {"path":"C:\\projetos\\AppQuarto237\\src\\componentes\\FormControlled\\styles.tsx","statementMap":{"0":{"start":{"line":1,"column":0},"end":{"line":1,"column":39}},"1":{"start":{"line":3,"column":13},"end":{"line":13,"column":2}},"2":{"start":{"line":15,"column":13},"end":{"line":33,"column":2}}},"fnMap":{},"branchMap":{"0":{"loc":{"start":{"line":3,"column":31},"end":{"line":13,"column":2}},"type":"binary-expr","locations":[{"start":{"line":3,"column":31},"end":{"line":3,"column":null}},{"start":{"line":3,"column":31},"end":{"line":13,"column":2}}]},"1":{"loc":{"start":{"line":15,"column":39},"end":{"line":33,"column":2}},"type":"binary-expr","locations":[{"start":{"line":15,"column":39},"end":{"line":15,"column":null}},{"start":{"line":15,"column":39},"end":{"line":33,"column":2}}]}},"s":{"0":1,"1":1,"2":1},"f":{},"b":{"0":[1,1],"1":[1,1]}}
,"C:\\projetos\\AppQuarto237\\src\\componentes\\FormControlled\\Input\\index.tsx": {"path":"C:\\projetos\\AppQuarto237\\src\\componentes\\FormControlled\\Input\\index.tsx","statementMap":{"0":{"start":{"line":1,"column":0},"end":{"line":1,"column":40}},"1":{"start":{"line":2,"column":0},"end":{"line":2,"column":46}},"2":{"start":{"line":4,"column":14},"end":{"line":18,"column":1}},"3":{"start":{"line":4,"column":22},"end":{"line":4,"column":24}},"4":{"start":{"line":4,"column":29},"end":{"line":4,"column":34}},"5":{"start":{"line":4,"column":38},"end":{"line":4,"column":null}},"6":{"start":{"line":5,"column":32},"end":{"line":5,"column":47}},"7":{"start":{"line":5,"column":16},"end":{"line":5,"column":18}},"8":{"start":{"line":5,"column":28},"end":{"line":5,"column":32}},"9":{"start":{"line":7,"column":2},"end":{"line":17,"column":4}},"10":{"start":{"line":13,"column":22},"end":{"line":13,"column":null}},"11":{"start":{"line":20,"column":0},"end":{"line":20,"column":21}}},"fnMap":{"0":{"name":"(anonymous_3)","decl":{"start":{"line":4,"column":14},"end":{"line":4,"column":15}},"loc":{"start":{"line":4,"column":40},"end":{"line":18,"column":1}}},"1":{"name":"(anonymous_4)","decl":{"start":{"line":13,"column":16},"end":{"line":13,"column":22}},"loc":{"start":{"line":13,"column":16},"end":{"line":13,"column":32}}}},"branchMap":{"0":{"loc":{"start":{"line":15,"column":37},"end":{"line":15,"column":53}},"type":"binary-expr","locations":[{"start":{"line":15,"column":37},"end":{"line":15,"column":44}},{"start":{"line":15,"column":48},"end":{"line":15,"column":53}}]}},"s":{"0":1,"1":1,"2":1,"3":319,"4":319,"5":319,"6":319,"7":319,"8":319,"9":319,"10":3,"11":1},"f":{"0":319,"1":3},"b":{"0":[319,40]}}
,"C:\\projetos\\AppQuarto237\\src\\componentes\\FormControlled\\Input\\styles.tsx": {"path":"C:\\projetos\\AppQuarto237\\src\\componentes\\FormControlled\\Input\\styles.tsx","statementMap":{"0":{"start":{"line":1,"column":0},"end":{"line":1,"column":39}},"1":{"start":{"line":3,"column":13},"end":{"line":12,"column":2}},"2":{"start":{"line":14,"column":13},"end":{"line":19,"column":2}},"3":{"start":{"line":21,"column":13},"end":{"line":23,"column":2}}},"fnMap":{},"branchMap":{"0":{"loc":{"start":{"line":3,"column":39},"end":{"line":12,"column":2}},"type":"binary-expr","locations":[{"start":{"line":3,"column":39},"end":{"line":3,"column":null}},{"start":{"line":3,"column":39},"end":{"line":12,"column":2}}]},"1":{"loc":{"start":{"line":14,"column":33},"end":{"line":19,"column":2}},"type":"binary-expr","locations":[{"start":{"line":14,"column":33},"end":{"line":14,"column":null}},{"start":{"line":14,"column":33},"end":{"line":19,"column":2}}]},"2":{"loc":{"start":{"line":21,"column":31},"end":{"line":23,"column":2}},"type":"binary-expr","locations":[{"start":{"line":21,"column":31},"end":{"line":21,"column":null}},{"start":{"line":21,"column":31},"end":{"line":23,"column":2}}]}},"s":{"0":1,"1":1,"2":1,"3":1},"f":{},"b":{"0":[1,1],"1":[1,1],"2":[1,1]}}
,"C:\\projetos\\AppQuarto237\\src\\componentes\\Main\\index.tsx": {"path":"C:\\projetos\\AppQuarto237\\src\\componentes\\Main\\index.tsx","statementMap":{"0":{"start":{"line":1,"column":0},"end":{"line":1,"column":51}},"1":{"start":{"line":2,"column":0},"end":{"line":2,"column":53}},"2":{"start":{"line":3,"column":0},"end":{"line":3,"column":36}},"3":{"start":{"line":4,"column":0},"end":{"line":4,"column":45}},"4":{"start":{"line":5,"column":0},"end":{"line":5,"column":33}},"5":{"start":{"line":6,"column":0},"end":{"line":6,"column":59}},"6":{"start":{"line":7,"column":0},"end":{"line":7,"column":61}},"7":{"start":{"line":8,"column":0},"end":{"line":8,"column":78}},"8":{"start":{"line":9,"column":0},"end":{"line":9,"column":57}},"9":{"start":{"line":10,"column":0},"end":{"line":10,"column":55}},"10":{"start":{"line":12,"column":13},"end":{"line":113,"column":1}},"11":{"start":{"line":13,"column":21},"end":{"line":13,"column":31}},"12":{"start":{"line":14,"column":20},"end":{"line":14,"column":43}},"13":{"start":{"line":15,"column":19},"end":{"line":15,"column":32}},"14":{"start":{"line":16,"column":17},"end":{"line":16,"column":56}},"15":{"start":{"line":16,"column":40},"end":{"line":16,"column":56}},"16":{"start":{"line":18,"column":2},"end":{"line":20,"column":17}},"17":{"start":{"line":19,"column":4},"end":{"line":19,"column":29}},"18":{"start":{"line":22,"column":27},"end":{"line":22,"column":72}},"19":{"start":{"line":24,"column":2},"end":{"line":112,"column":4}},"20":{"start":{"line":41,"column":37},"end":{"line":41,"column":69}},"21":{"start":{"line":42,"column":20},"end":{"line":89,"column":null}},"22":{"start":{"line":43,"column":22},"end":{"line":88,"column":24}},"23":{"start":{"line":73,"column":51},"end":{"line":73,"column":52}},"24":{"start":{"line":74,"column":50},"end":{"line":74,"column":73}},"25":{"start":{"line":76,"column":30},"end":{"line":83,"column":33}},"26":{"start":{"line":76,"column":63},"end":{"line":83,"column":32}},"27":{"start":{"line":115,"column":0},"end":{"line":115,"column":20}}},"fnMap":{"0":{"name":"(anonymous_3)","decl":{"start":{"line":12,"column":13},"end":{"line":12,"column":null}},"loc":{"start":{"line":12,"column":13},"end":{"line":113,"column":1}}},"1":{"name":"(anonymous_4)","decl":{"start":{"line":16,"column":29},"end":{"line":16,"column":30}},"loc":{"start":{"line":16,"column":35},"end":{"line":16,"column":45}}},"2":{"name":"(anonymous_5)","decl":{"start":{"line":18,"column":12},"end":{"line":18,"column":null}},"loc":{"start":{"line":18,"column":12},"end":{"line":20,"column":3}}},"3":{"name":"(anonymous_6)","decl":{"start":{"line":40,"column":40},"end":{"line":40,"column":41}},"loc":{"start":{"line":40,"column":45},"end":{"line":90,"column":19}}},"4":{"name":"(anonymous_7)","decl":{"start":{"line":72,"column":47},"end":{"line":72,"column":48}},"loc":{"start":{"line":72,"column":56},"end":{"line":84,"column":29}}},"5":{"name":"(anonymous_8)","decl":{"start":{"line":76,"column":53},"end":{"line":76,"column":54}},"loc":{"start":{"line":76,"column":58},"end":{"line":76,"column":null}}}},"branchMap":{"0":{"loc":{"start":{"line":38,"column":15},"end":{"line":104,"column":null}},"type":"cond-expr","locations":[{"start":{"line":39,"column":16},"end":{"line":90,"column":null}},{"start":{"line":93,"column":16},"end":{"line":103,"column":null}}]},"1":{"loc":{"start":{"line":42,"column":20},"end":{"line":89,"column":null}},"type":"if","locations":[{"start":{"line":42,"column":20},"end":{"line":89,"column":null}}]}},"s":{"0":1,"1":1,"2":1,"3":1,"4":1,"5":1,"6":1,"7":1,"8":1,"9":1,"10":1,"11":2,"12":2,"13":2,"14":2,"15":2,"16":2,"17":2,"18":2,"19":2,"20":0,"21":0,"22":0,"23":0,"24":0,"25":0,"26":0,"27":1},"f":{"0":2,"1":2,"2":2,"3":0,"4":0,"5":0},"b":{"0":[0,2],"1":[0]}}
,"C:\\projetos\\AppQuarto237\\src\\componentes\\Main\\styles.tsx": {"path":"C:\\projetos\\AppQuarto237\\src\\componentes\\Main\\styles.tsx","statementMap":{"0":{"start":{"line":1,"column":0},"end":{"line":1,"column":39}},"1":{"start":{"line":3,"column":13},"end":{"line":6,"column":2}},"2":{"start":{"line":8,"column":13},"end":{"line":19,"column":2}},"3":{"start":{"line":21,"column":13},"end":{"line":25,"column":2}},"4":{"start":{"line":27,"column":13},"end":{"line":45,"column":2}},"5":{"start":{"line":47,"column":13},"end":{"line":150,"column":2}}},"fnMap":{},"branchMap":{"0":{"loc":{"start":{"line":3,"column":39},"end":{"line":6,"column":2}},"type":"binary-expr","locations":[{"start":{"line":3,"column":39},"end":{"line":3,"column":null}},{"start":{"line":3,"column":39},"end":{"line":6,"column":2}}]},"1":{"loc":{"start":{"line":8,"column":34},"end":{"line":19,"column":2}},"type":"binary-expr","locations":[{"start":{"line":8,"column":34},"end":{"line":8,"column":null}},{"start":{"line":8,"column":34},"end":{"line":19,"column":2}}]},"2":{"loc":{"start":{"line":21,"column":34},"end":{"line":25,"column":2}},"type":"binary-expr","locations":[{"start":{"line":21,"column":34},"end":{"line":21,"column":null}},{"start":{"line":21,"column":34},"end":{"line":25,"column":2}}]},"3":{"loc":{"start":{"line":27,"column":35},"end":{"line":45,"column":2}},"type":"binary-expr","locations":[{"start":{"line":27,"column":35},"end":{"line":27,"column":null}},{"start":{"line":27,"column":35},"end":{"line":45,"column":2}}]},"4":{"loc":{"start":{"line":47,"column":30},"end":{"line":150,"column":2}},"type":"binary-expr","locations":[{"start":{"line":47,"column":30},"end":{"line":47,"column":null}},{"start":{"line":47,"column":30},"end":{"line":150,"column":2}}]}},"s":{"0":1,"1":1,"2":1,"3":1,"4":1,"5":1},"f":{},"b":{"0":[1,1],"1":[1,1],"2":[1,1],"3":[1,1],"4":[1,1]}}
,"C:\\projetos\\AppQuarto237\\src\\componentes\\Navbar\\index.tsx": {"path":"C:\\projetos\\AppQuarto237\\src\\componentes\\Navbar\\index.tsx","statementMap":{"0":{"start":{"line":1,"column":0},"end":{"line":1,"column":40}},"1":{"start":{"line":2,"column":0},"end":{"line":2,"column":null}},"2":{"start":{"line":12,"column":15},"end":{"line":59,"column":1}},"3":{"start":{"line":13,"column":28},"end":{"line":13,"column":43}},"4":{"start":{"line":13,"column":14},"end":{"line":13,"column":16}},"5":{"start":{"line":13,"column":24},"end":{"line":13,"column":28}},"6":{"start":{"line":14,"column":22},"end":{"line":14,"column":36}},"7":{"start":{"line":14,"column":28},"end":{"line":14,"column":45}},"8":{"start":{"line":16,"column":2},"end":{"line":58,"column":4}},"9":{"start":{"line":61,"column":0},"end":{"line":61,"column":22}}},"fnMap":{"0":{"name":"(anonymous_2)","decl":{"start":{"line":12,"column":15},"end":{"line":12,"column":null}},"loc":{"start":{"line":12,"column":15},"end":{"line":59,"column":1}}},"1":{"name":"(anonymous_3)","decl":{"start":{"line":14,"column":22},"end":{"line":14,"column":28}},"loc":{"start":{"line":14,"column":22},"end":{"line":14,"column":36}}}},"branchMap":{},"s":{"0":1,"1":1,"2":1,"3":4,"4":4,"5":4,"6":4,"7":0,"8":4,"9":1},"f":{"0":4,"1":0},"b":{}}
,"C:\\projetos\\AppQuarto237\\src\\componentes\\Navbar\\styles.tsx": {"path":"C:\\projetos\\AppQuarto237\\src\\componentes\\Navbar\\styles.tsx","statementMap":{"0":{"start":{"line":1,"column":0},"end":{"line":1,"column":43}},"1":{"start":{"line":2,"column":0},"end":{"line":2,"column":39}},"2":{"start":{"line":4,"column":15},"end":{"line":7,"column":2}},"3":{"start":{"line":9,"column":13},"end":{"line":10,"column":null}},"4":{"start":{"line":10,"column":24},"end":{"line":10,"column":null}},"5":{"start":{"line":16,"column":13},"end":{"line":24,"column":2}},"6":{"start":{"line":26,"column":13},"end":{"line":48,"column":null}},"7":{"start":{"line":62,"column":13},"end":{"line":89,"column":2}},"8":{"start":{"line":91,"column":13},"end":{"line":98,"column":2}},"9":{"start":{"line":100,"column":13},"end":{"line":105,"column":2}},"10":{"start":{"line":107,"column":13},"end":{"line":130,"column":null}}},"fnMap":{"0":{"name":"(anonymous_2)","decl":{"start":{"line":10,"column":13},"end":{"line":10,"column":14}},"loc":{"start":{"line":10,"column":19},"end":{"line":10,"column":25}}}},"branchMap":{"0":{"loc":{"start":{"line":9,"column":36},"end":{"line":14,"column":2}},"type":"binary-expr","locations":[{"start":{"line":9,"column":36},"end":{"line":9,"column":null}},{"start":{"line":9,"column":36},"end":{"line":14,"column":2}}]},"1":{"loc":{"start":{"line":10,"column":25},"end":{"line":10,"column":42}},"type":"cond-expr","locations":[{"start":{"line":10,"column":33},"end":{"line":10,"column":36}},{"start":{"line":10,"column":39},"end":{"line":10,"column":42}}]},"2":{"loc":{"start":{"line":16,"column":29},"end":{"line":24,"column":2}},"type":"binary-expr","locations":[{"start":{"line":16,"column":29},"end":{"line":16,"column":null}},{"start":{"line":16,"column":29},"end":{"line":24,"column":2}}]},"3":{"loc":{"start":{"line":26,"column":39},"end":{"line":60,"column":2}},"type":"binary-expr","locations":[{"start":{"line":26,"column":39},"end":{"line":26,"column":null}},{"start":{"line":26,"column":39},"end":{"line":60,"column":2}}]},"4":{"loc":{"start":{"line":62,"column":40},"end":{"line":89,"column":2}},"type":"binary-expr","locations":[{"start":{"line":62,"column":40},"end":{"line":62,"column":null}},{"start":{"line":62,"column":40},"end":{"line":89,"column":2}}]},"5":{"loc":{"start":{"line":91,"column":47},"end":{"line":98,"column":2}},"type":"binary-expr","locations":[{"start":{"line":91,"column":47},"end":{"line":91,"column":null}},{"start":{"line":91,"column":47},"end":{"line":98,"column":2}}]},"6":{"loc":{"start":{"line":100,"column":33},"end":{"line":105,"column":2}},"type":"binary-expr","locations":[{"start":{"line":100,"column":33},"end":{"line":100,"column":null}},{"start":{"line":100,"column":33},"end":{"line":105,"column":2}}]},"7":{"loc":{"start":{"line":107,"column":43},"end":{"line":134,"column":2}},"type":"binary-expr","locations":[{"start":{"line":107,"column":43},"end":{"line":107,"column":null}},{"start":{"line":107,"column":43},"end":{"line":134,"column":2}}]}},"s":{"0":1,"1":1,"2":1,"3":1,"4":4,"5":1,"6":1,"7":1,"8":1,"9":1,"10":1},"f":{"0":4},"b":{"0":[1,1],"1":[4,0],"2":[1,1],"3":[1,1],"4":[1,1],"5":[1,1],"6":[1,1],"7":[1,1]}}
,"C:\\projetos\\AppQuarto237\\src\\componentes\\OtherReleases\\index.tsx": {"path":"C:\\projetos\\AppQuarto237\\src\\componentes\\OtherReleases\\index.tsx","statementMap":{"0":{"start":{"line":2,"column":0},"end":{"line":2,"column":78}},"1":{"start":{"line":3,"column":0},"end":{"line":3,"column":40}},"2":{"start":{"line":4,"column":0},"end":{"line":4,"column":42}},"3":{"start":{"line":5,"column":0},"end":{"line":5,"column":54}},"4":{"start":{"line":7,"column":22},"end":{"line":80,"column":1}},"5":{"start":{"line":8,"column":17},"end":{"line":8,"column":56}},"6":{"start":{"line":8,"column":40},"end":{"line":8,"column":56}},"7":{"start":{"line":10,"column":21},"end":{"line":10,"column":31}},"8":{"start":{"line":11,"column":20},"end":{"line":11,"column":43}},"9":{"start":{"line":13,"column":34},"end":{"line":40,"column":29}},"10":{"start":{"line":15,"column":23},"end":{"line":15,"column":55}},"11":{"start":{"line":16,"column":26},"end":{"line":16,"column":54}},"12":{"start":{"line":17,"column":25},"end":{"line":17,"column":60}},"13":{"start":{"line":18,"column":24},"end":{"line":22,"column":null}},"14":{"start":{"line":25,"column":31},"end":{"line":29,"column":7}},"15":{"start":{"line":26,"column":8},"end":{"line":28,"column":null}},"16":{"start":{"line":27,"column":10},"end":{"line":27,"column":22}},"17":{"start":{"line":31,"column":6},"end":{"line":38,"column":null}},"18":{"start":{"line":32,"column":8},"end":{"line":37,"column":10}},"19":{"start":{"line":40,"column":22},"end":{"line":40,"column":29}},"20":{"start":{"line":42,"column":2},"end":{"line":42,"column":37}},"21":{"start":{"line":44,"column":2},"end":{"line":79,"column":4}},"22":{"start":{"line":51,"column":14},"end":{"line":64,"column":16}},"23":{"start":{"line":82,"column":0},"end":{"line":82,"column":29}}},"fnMap":{"0":{"name":"(anonymous_2)","decl":{"start":{"line":7,"column":22},"end":{"line":7,"column":null}},"loc":{"start":{"line":7,"column":22},"end":{"line":80,"column":1}}},"1":{"name":"(anonymous_3)","decl":{"start":{"line":8,"column":29},"end":{"line":8,"column":30}},"loc":{"start":{"line":8,"column":35},"end":{"line":8,"column":45}}},"2":{"name":"(anonymous_4)","decl":{"start":{"line":14,"column":9},"end":{"line":14,"column":10}},"loc":{"start":{"line":14,"column":14},"end":{"line":39,"column":5}}},"3":{"name":"(anonymous_5)","decl":{"start":{"line":25,"column":31},"end":{"line":25,"column":null}},"loc":{"start":{"line":25,"column":31},"end":{"line":29,"column":7}}},"4":{"name":"(anonymous_6)","decl":{"start":{"line":40,"column":12},"end":{"line":40,"column":13}},"loc":{"start":{"line":40,"column":17},"end":{"line":40,"column":23}}},"5":{"name":"(anonymous_7)","decl":{"start":{"line":50,"column":41},"end":{"line":50,"column":42}},"loc":{"start":{"line":50,"column":46},"end":{"line":65,"column":13}}}},"branchMap":{"0":{"loc":{"start":{"line":26,"column":8},"end":{"line":28,"column":null}},"type":"if","locations":[{"start":{"line":26,"column":8},"end":{"line":28,"column":null}}]},"1":{"loc":{"start":{"line":26,"column":12},"end":{"line":26,"column":71}},"type":"binary-expr","locations":[{"start":{"line":26,"column":12},"end":{"line":26,"column":35}},{"start":{"line":26,"column":39},"end":{"line":26,"column":71}}]},"2":{"loc":{"start":{"line":31,"column":6},"end":{"line":38,"column":null}},"type":"if","locations":[{"start":{"line":31,"column":6},"end":{"line":38,"column":null}}]},"3":{"loc":{"start":{"line":48,"column":9},"end":{"line":75,"column":null}},"type":"cond-expr","locations":[{"start":{"line":49,"column":10},"end":{"line":65,"column":null}},{"start":{"line":68,"column":10},"end":{"line":74,"column":null}}]},"4":{"loc":{"start":{"line":48,"column":9},"end":{"line":48,"column":23}},"type":"cond-expr","locations":[{"start":{"line":48,"column":15},"end":{"line":48,"column":17}},{"start":{"line":48,"column":9},"end":{"line":48,"column":23}}]},"5":{"loc":{"start":{"line":48,"column":9},"end":{"line":48,"column":17}},"type":"binary-expr","locations":[{"start":{"line":48,"column":9},"end":{"line":48,"column":17}},{"start":{"line":48,"column":9},"end":{"line":48,"column":17}}]}},"s":{"0":1,"1":1,"2":1,"3":1,"4":1,"5":2,"6":2,"7":2,"8":2,"9":2,"10":0,"11":0,"12":0,"13":0,"14":0,"15":0,"16":0,"17":0,"18":0,"19":0,"20":2,"21":2,"22":0,"23":1},"f":{"0":2,"1":2,"2":0,"3":0,"4":0,"5":0},"b":{"0":[0],"1":[0,0],"2":[0],"3":[0,2],"4":[0,2],"5":[2,2]}}
,"C:\\projetos\\AppQuarto237\\src\\componentes\\OtherReleases\\styles.tsx": {"path":"C:\\projetos\\AppQuarto237\\src\\componentes\\OtherReleases\\styles.tsx","statementMap":{"0":{"start":{"line":1,"column":0},"end":{"line":1,"column":39}},"1":{"start":{"line":3,"column":13},"end":{"line":117,"column":2}}},"fnMap":{},"branchMap":{"0":{"loc":{"start":{"line":3,"column":38},"end":{"line":117,"column":2}},"type":"binary-expr","locations":[{"start":{"line":3,"column":38},"end":{"line":3,"column":null}},{"start":{"line":3,"column":38},"end":{"line":117,"column":2}}]}},"s":{"0":1,"1":1},"f":{},"b":{"0":[1,1]}}
,"C:\\projetos\\AppQuarto237\\src\\componentes\\Section\\index.tsx": {"path":"C:\\projetos\\AppQuarto237\\src\\componentes\\Section\\index.tsx","statementMap":{"0":{"start":{"line":1,"column":0},"end":{"line":1,"column":51}},"1":{"start":{"line":2,"column":0},"end":{"line":2,"column":42}},"2":{"start":{"line":3,"column":0},"end":{"line":3,"column":78}},"3":{"start":{"line":4,"column":0},"end":{"line":4,"column":70}},"4":{"start":{"line":5,"column":0},"end":{"line":5,"column":41}},"5":{"start":{"line":6,"column":0},"end":{"line":6,"column":58}},"6":{"start":{"line":7,"column":0},"end":{"line":7,"column":42}},"7":{"start":{"line":8,"column":0},"end":{"line":8,"column":54}},"8":{"start":{"line":9,"column":16},"end":{"line":100,"column":1}},"9":{"start":{"line":10,"column":19},"end":{"line":10,"column":32}},"10":{"start":{"line":12,"column":2},"end":{"line":14,"column":17}},"11":{"start":{"line":13,"column":4},"end":{"line":13,"column":30}},"12":{"start":{"line":16,"column":24},"end":{"line":16,"column":63}},"13":{"start":{"line":16,"column":47},"end":{"line":16,"column":63}},"14":{"start":{"line":18,"column":21},"end":{"line":18,"column":31}},"15":{"start":{"line":19,"column":20},"end":{"line":19,"column":43}},"16":{"start":{"line":21,"column":2},"end":{"line":21,"column":55}},"17":{"start":{"line":23,"column":34},"end":{"line":31,"column":4}},"18":{"start":{"line":24,"column":4},"end":{"line":24,"column":22}},"19":{"start":{"line":25,"column":4},"end":{"line":30,"column":6}},"20":{"start":{"line":33,"column":30},"end":{"line":33,"column":70}},"21":{"start":{"line":35,"column":2},"end":{"line":99,"column":4}},"22":{"start":{"line":42,"column":40},"end":{"line":43,"column":null}},"23":{"start":{"line":45,"column":38},"end":{"line":45,"column":67}},"24":{"start":{"line":46,"column":35},"end":{"line":52,"column":16}},"25":{"start":{"line":47,"column":16},"end":{"line":51,"column":18}},"26":{"start":{"line":54,"column":34},"end":{"line":54,"column":62}},"27":{"start":{"line":55,"column":32},"end":{"line":59,"column":null}},"28":{"start":{"line":62,"column":35},"end":{"line":73,"column":15}},"29":{"start":{"line":63,"column":16},"end":{"line":72,"column":null}},"30":{"start":{"line":67,"column":18},"end":{"line":71,"column":null}},"31":{"start":{"line":68,"column":20},"end":{"line":68,"column":32}},"32":{"start":{"line":70,"column":20},"end":{"line":70,"column":32}},"33":{"start":{"line":75,"column":14},"end":{"line":84,"column":null}},"34":{"start":{"line":76,"column":16},"end":{"line":83,"column":18}},"35":{"start":{"line":102,"column":0},"end":{"line":102,"column":23}}},"fnMap":{"0":{"name":"(anonymous_2)","decl":{"start":{"line":9,"column":16},"end":{"line":9,"column":null}},"loc":{"start":{"line":9,"column":16},"end":{"line":100,"column":1}}},"1":{"name":"(anonymous_3)","decl":{"start":{"line":12,"column":12},"end":{"line":12,"column":null}},"loc":{"start":{"line":12,"column":12},"end":{"line":14,"column":3}}},"2":{"name":"(anonymous_4)","decl":{"start":{"line":16,"column":36},"end":{"line":16,"column":37}},"loc":{"start":{"line":16,"column":42},"end":{"line":16,"column":52}}},"3":{"name":"(anonymous_5)","decl":{"start":{"line":23,"column":52},"end":{"line":23,"column":53}},"loc":{"start":{"line":23,"column":62},"end":{"line":31,"column":3}}},"4":{"name":"(anonymous_6)","decl":{"start":{"line":41,"column":50},"end":{"line":41,"column":51}},"loc":{"start":{"line":41,"column":60},"end":{"line":85,"column":13}}},"5":{"name":"(anonymous_7)","decl":{"start":{"line":46,"column":55},"end":{"line":46,"column":56}},"loc":{"start":{"line":46,"column":60},"end":{"line":52,"column":15}}},"6":{"name":"(anonymous_8)","decl":{"start":{"line":62,"column":35},"end":{"line":62,"column":null}},"loc":{"start":{"line":62,"column":35},"end":{"line":73,"column":15}}}},"branchMap":{"0":{"loc":{"start":{"line":39,"column":9},"end":{"line":95,"column":null}},"type":"cond-expr","locations":[{"start":{"line":40,"column":10},"end":{"line":85,"column":null}},{"start":{"line":88,"column":10},"end":{"line":94,"column":null}}]},"1":{"loc":{"start":{"line":48,"column":69},"end":{"line":48,"column":77}},"type":"cond-expr","locations":[{"start":{"line":48,"column":73},"end":{"line":48,"column":75}},{"start":{"line":48,"column":69},"end":{"line":48,"column":77}}]},"2":{"loc":{"start":{"line":48,"column":69},"end":{"line":48,"column":75}},"type":"binary-expr","locations":[{"start":{"line":48,"column":69},"end":{"line":48,"column":75}},{"start":{"line":48,"column":69},"end":{"line":48,"column":75}}]},"3":{"loc":{"start":{"line":63,"column":16},"end":{"line":72,"column":null}},"type":"if","locations":[{"start":{"line":63,"column":16},"end":{"line":72,"column":null}}]},"4":{"loc":{"start":{"line":64,"column":18},"end":{"line":65,"column":47}},"type":"binary-expr","locations":[{"start":{"line":64,"column":18},"end":{"line":64,"column":49}},{"start":{"line":65,"column":18},"end":{"line":65,"column":47}}]},"5":{"loc":{"start":{"line":67,"column":18},"end":{"line":71,"column":null}},"type":"if","locations":[{"start":{"line":67,"column":18},"end":{"line":71,"column":null}},{"start":{"line":69,"column":25},"end":{"line":71,"column":null}}]},"6":{"loc":{"start":{"line":75,"column":14},"end":{"line":84,"column":null}},"type":"if","locations":[{"start":{"line":75,"column":14},"end":{"line":84,"column":null}}]},"7":{"loc":{"start":{"line":75,"column":18},"end":{"line":75,"column":122}},"type":"binary-expr","locations":[{"start":{"line":75,"column":18},"end":{"line":75,"column":48}},{"start":{"line":75,"column":52},"end":{"line":75,"column":104}},{"start":{"line":75,"column":108},"end":{"line":75,"column":122}}]}},"s":{"0":1,"1":1,"2":1,"3":1,"4":1,"5":1,"6":1,"7":1,"8":1,"9":2,"10":2,"11":2,"12":2,"13":2,"14":2,"15":2,"16":2,"17":2,"18":0,"19":0,"20":2,"21":2,"22":0,"23":0,"24":0,"25":0,"26":0,"27":0,"28":0,"29":0,"30":0,"31":0,"32":0,"33":0,"34":0,"35":1},"f":{"0":2,"1":2,"2":2,"3":0,"4":0,"5":0,"6":0},"b":{"0":[0,2],"1":[0,0],"2":[0,0],"3":[0],"4":[0,0],"5":[0,0],"6":[0],"7":[0,0,0]}}
,"C:\\projetos\\AppQuarto237\\src\\componentes\\Section\\styles.tsx": {"path":"C:\\projetos\\AppQuarto237\\src\\componentes\\Section\\styles.tsx","statementMap":{"0":{"start":{"line":1,"column":0},"end":{"line":1,"column":39}},"1":{"start":{"line":3,"column":13},"end":{"line":62,"column":2}}},"fnMap":{},"branchMap":{"0":{"loc":{"start":{"line":3,"column":39},"end":{"line":62,"column":2}},"type":"binary-expr","locations":[{"start":{"line":3,"column":39},"end":{"line":3,"column":null}},{"start":{"line":3,"column":39},"end":{"line":62,"column":2}}]}},"s":{"0":1,"1":1},"f":{},"b":{"0":[1,1]}}
,"C:\\projetos\\AppQuarto237\\src\\store\\redux\\actions.ts": {"path":"C:\\projetos\\AppQuarto237\\src\\store\\redux\\actions.ts","statementMap":{"0":{"start":{"line":1,"column":0},"end":{"line":1,"column":52}},"1":{"start":{"line":2,"column":0},"end":{"line":2,"column":26}},"2":{"start":{"line":17,"column":28},"end":{"line":28,"column":1}},"3":{"start":{"line":18,"column":2},"end":{"line":27,"column":4}},"4":{"start":{"line":19,"column":4},"end":{"line":26,"column":9}},"5":{"start":{"line":22,"column":8},"end":{"line":22,"column":49}},"6":{"start":{"line":25,"column":8},"end":{"line":25,"column":36}},"7":{"start":{"line":17,"column":13},"end":{"line":17,"column":28}},"8":{"start":{"line":30,"column":29},"end":{"line":41,"column":1}},"9":{"start":{"line":31,"column":2},"end":{"line":40,"column":4}},"10":{"start":{"line":32,"column":4},"end":{"line":39,"column":9}},"11":{"start":{"line":35,"column":8},"end":{"line":35,"column":57}},"12":{"start":{"line":38,"column":8},"end":{"line":38,"column":36}},"13":{"start":{"line":30,"column":13},"end":{"line":30,"column":29}},"14":{"start":{"line":43,"column":28},"end":{"line":54,"column":1}},"15":{"start":{"line":44,"column":2},"end":{"line":53,"column":4}},"16":{"start":{"line":45,"column":4},"end":{"line":52,"column":9}},"17":{"start":{"line":48,"column":8},"end":{"line":48,"column":45}},"18":{"start":{"line":51,"column":8},"end":{"line":51,"column":36}},"19":{"start":{"line":43,"column":13},"end":{"line":43,"column":28}}},"fnMap":{"0":{"name":"(anonymous_1)","decl":{"start":{"line":17,"column":28},"end":{"line":17,"column":null}},"loc":{"start":{"line":17,"column":28},"end":{"line":28,"column":1}}},"1":{"name":"(anonymous_2)","decl":{"start":{"line":18,"column":9},"end":{"line":18,"column":10}},"loc":{"start":{"line":18,"column":18},"end":{"line":27,"column":3}}},"2":{"name":"(anonymous_3)","decl":{"start":{"line":21,"column":12},"end":{"line":21,"column":13}},"loc":{"start":{"line":21,"column":19},"end":{"line":23,"column":7}}},"3":{"name":"(anonymous_4)","decl":{"start":{"line":24,"column":13},"end":{"line":24,"column":14}},"loc":{"start":{"line":24,"column":19},"end":{"line":26,"column":7}}},"4":{"name":"(anonymous_5)","decl":{"start":{"line":30,"column":29},"end":{"line":30,"column":null}},"loc":{"start":{"line":30,"column":29},"end":{"line":41,"column":1}}},"5":{"name":"(anonymous_6)","decl":{"start":{"line":31,"column":9},"end":{"line":31,"column":10}},"loc":{"start":{"line":31,"column":18},"end":{"line":40,"column":3}}},"6":{"name":"(anonymous_7)","decl":{"start":{"line":34,"column":12},"end":{"line":34,"column":13}},"loc":{"start":{"line":34,"column":19},"end":{"line":36,"column":7}}},"7":{"name":"(anonymous_8)","decl":{"start":{"line":37,"column":13},"end":{"line":37,"column":14}},"loc":{"start":{"line":37,"column":19},"end":{"line":39,"column":7}}},"8":{"name":"(anonymous_9)","decl":{"start":{"line":43,"column":28},"end":{"line":43,"column":29}},"loc":{"start":{"line":43,"column":34},"end":{"line":54,"column":1}}},"9":{"name":"(anonymous_10)","decl":{"start":{"line":44,"column":9},"end":{"line":44,"column":10}},"loc":{"start":{"line":44,"column":28},"end":{"line":53,"column":3}}},"10":{"name":"(anonymous_11)","decl":{"start":{"line":47,"column":12},"end":{"line":47,"column":13}},"loc":{"start":{"line":47,"column":17},"end":{"line":49,"column":7}}},"11":{"name":"(anonymous_12)","decl":{"start":{"line":50,"column":13},"end":{"line":50,"column":14}},"loc":{"start":{"line":50,"column":19},"end":{"line":52,"column":7}}}},"branchMap":{},"s":{"0":2,"1":2,"2":2,"3":7,"4":7,"5":5,"6":0,"7":2,"8":2,"9":2,"10":2,"11":0,"12":0,"13":2,"14":2,"15":0,"16":0,"17":0,"18":0,"19":2},"f":{"0":7,"1":7,"2":5,"3":0,"4":2,"5":2,"6":0,"7":0,"8":0,"9":0,"10":0,"11":0},"b":{}}
,"C:\\projetos\\AppQuarto237\\src\\store\\redux\\reducers.tsx": {"path":"C:\\projetos\\AppQuarto237\\src\\store\\redux\\reducers.tsx","statementMap":{"0":{"start":{"line":1,"column":21},"end":{"line":3,"column":2}},"1":{"start":{"line":5,"column":20},"end":{"line":18,"column":1}},"2":{"start":{"line":5,"column":21},"end":{"line":5,"column":43}},"3":{"start":{"line":6,"column":2},"end":{"line":17,"column":null}},"4":{"start":{"line":10,"column":6},"end":{"line":10,"column":32}},"5":{"start":{"line":13,"column":6},"end":{"line":13,"column":26}},"6":{"start":{"line":14,"column":6},"end":{"line":14,"column":49}},"7":{"start":{"line":16,"column":6},"end":{"line":16,"column":26}},"8":{"start":{"line":20,"column":28},"end":{"line":22,"column":2}},"9":{"start":{"line":23,"column":30},"end":{"line":30,"column":1}},"10":{"start":{"line":23,"column":31},"end":{"line":23,"column":60}},"11":{"start":{"line":24,"column":2},"end":{"line":29,"column":null}},"12":{"start":{"line":26,"column":6},"end":{"line":26,"column":39}},"13":{"start":{"line":28,"column":6},"end":{"line":28,"column":33}},"14":{"start":{"line":23,"column":13},"end":{"line":23,"column":30}},"15":{"start":{"line":31,"column":0},"end":{"line":31,"column":27}}},"fnMap":{"0":{"name":"(anonymous_1)","decl":{"start":{"line":5,"column":20},"end":{"line":5,"column":21}},"loc":{"start":{"line":5,"column":49},"end":{"line":18,"column":1}}},"1":{"name":"(anonymous_2)","decl":{"start":{"line":23,"column":30},"end":{"line":23,"column":31}},"loc":{"start":{"line":23,"column":66},"end":{"line":30,"column":1}}}},"branchMap":{"0":{"loc":{"start":{"line":5,"column":21},"end":{"line":5,"column":43}},"type":"if","locations":[{"start":{"line":5,"column":21},"end":{"line":5,"column":43}}]},"1":{"loc":{"start":{"line":6,"column":2},"end":{"line":17,"column":null}},"type":"switch","locations":[{"start":{"line":9,"column":4},"end":{"line":10,"column":32}},{"start":{"line":12,"column":4},"end":{"line":14,"column":49}},{"start":{"line":15,"column":4},"end":{"line":16,"column":26}}]},"2":{"loc":{"start":{"line":23,"column":31},"end":{"line":23,"column":60}},"type":"if","locations":[{"start":{"line":23,"column":31},"end":{"line":23,"column":60}}]},"3":{"loc":{"start":{"line":24,"column":2},"end":{"line":29,"column":null}},"type":"switch","locations":[{"start":{"line":25,"column":4},"end":{"line":26,"column":39}},{"start":{"line":27,"column":4},"end":{"line":28,"column":33}}]}},"s":{"0":2,"1":2,"2":17,"3":11,"4":5,"5":0,"6":0,"7":6,"8":2,"9":2,"10":0,"11":0,"12":0,"13":0,"14":2,"15":2},"f":{"0":11,"1":0},"b":{"0":[6],"1":[5,0,6],"2":[0],"3":[0,0]}}
,"C:\\projetos\\AppQuarto237\\src\\store\\redux\\store.tsx": {"path":"C:\\projetos\\AppQuarto237\\src\\store\\redux\\store.tsx","statementMap":{"0":{"start":{"line":1,"column":0},"end":{"line":1,"column":70}},"1":{"start":{"line":2,"column":0},"end":{"line":2,"column":32}},"2":{"start":{"line":3,"column":0},"end":{"line":3,"column":37}},"3":{"start":{"line":6,"column":20},"end":{"line":9,"column":2}},"4":{"start":{"line":11,"column":14},"end":{"line":11,"column":62}},"5":{"start":{"line":13,"column":0},"end":{"line":13,"column":21}}},"fnMap":{},"branchMap":{},"s":{"0":2,"1":2,"2":2,"3":2,"4":2,"5":2},"f":{},"b":{}}
,"C:\\projetos\\AppQuarto237\\src\\utils\\data.ts": {"path":"C:\\projetos\\AppQuarto237\\src\\utils\\data.ts","statementMap":{"0":{"start":{"line":2,"column":17},"end":{"line":15,"column":4}},"1":{"start":{"line":16,"column":26},"end":{"line":16,"column":44}},"2":{"start":{"line":17,"column":34},"end":{"line":17,"column":60}},"3":{"start":{"line":17,"column":13},"end":{"line":17,"column":15}},"4":{"start":{"line":17,"column":25},"end":{"line":17,"column":27}},"5":{"start":{"line":17,"column":30},"end":{"line":17,"column":34}},"6":{"start":{"line":18,"column":16},"end":{"line":18,"column":46}},"7":{"start":{"line":20,"column":2},"end":{"line":20,"column":41}},"8":{"start":{"line":1,"column":0},"end":{"line":1,"column":16}},"9":{"start":{"line":25,"column":21},"end":{"line":25,"column":25}},"10":{"start":{"line":26,"column":15},"end":{"line":26,"column":35}},"11":{"start":{"line":28,"column":14},"end":{"line":28,"column":28}},"12":{"start":{"line":29,"column":14},"end":{"line":29,"column":33}},"13":{"start":{"line":30,"column":14},"end":{"line":30,"column":32}},"14":{"start":{"line":32,"column":24},"end":{"line":32,"column":46}},"15":{"start":{"line":33,"column":2},"end":{"line":33,"column":null}},"16":{"start":{"line":23,"column":0},"end":{"line":23,"column":16}},"17":{"start":{"line":37,"column":10},"end":{"line":37,"column":24}},"18":{"start":{"line":38,"column":12},"end":{"line":38,"column":29}},"19":{"start":{"line":39,"column":10},"end":{"line":39,"column":26}},"20":{"start":{"line":40,"column":11},"end":{"line":40,"column":26}},"21":{"start":{"line":42,"column":2},"end":{"line":42,"column":44}},"22":{"start":{"line":42,"column":24},"end":{"line":42,"column":44}},"23":{"start":{"line":43,"column":2},"end":{"line":43,"column":38}},"24":{"start":{"line":43,"column":22},"end":{"line":43,"column":38}},"25":{"start":{"line":45,"column":17},"end":{"line":58,"column":4}},"26":{"start":{"line":60,"column":2},"end":{"line":60,"column":31}},"27":{"start":{"line":36,"column":0},"end":{"line":36,"column":16}},"28":{"start":{"line":64,"column":2},"end":{"line":103,"column":null}},"29":{"start":{"line":66,"column":6},"end":{"line":66,"column":15}},"30":{"start":{"line":69,"column":6},"end":{"line":69,"column":15}},"31":{"start":{"line":72,"column":6},"end":{"line":72,"column":15}},"32":{"start":{"line":75,"column":6},"end":{"line":75,"column":15}},"33":{"start":{"line":78,"column":6},"end":{"line":78,"column":15}},"34":{"start":{"line":81,"column":6},"end":{"line":81,"column":15}},"35":{"start":{"line":84,"column":6},"end":{"line":84,"column":15}},"36":{"start":{"line":87,"column":6},"end":{"line":87,"column":15}},"37":{"start":{"line":90,"column":6},"end":{"line":90,"column":15}},"38":{"start":{"line":93,"column":6},"end":{"line":93,"column":16}},"39":{"start":{"line":96,"column":6},"end":{"line":96,"column":16}},"40":{"start":{"line":99,"column":6},"end":{"line":99,"column":16}},"41":{"start":{"line":102,"column":6},"end":{"line":102,"column":12}},"42":{"start":{"line":63,"column":0},"end":{"line":63,"column":16}}},"fnMap":{"0":{"name":"formatDate","decl":{"start":{"line":1,"column":16},"end":{"line":1,"column":26}},"loc":{"start":{"line":1,"column":31},"end":{"line":21,"column":1}}},"1":{"name":"formatDateMovieId","decl":{"start":{"line":23,"column":16},"end":{"line":23,"column":33}},"loc":{"start":{"line":23,"column":38},"end":{"line":34,"column":1}}},"2":{"name":"formatMonth","decl":{"start":{"line":36,"column":16},"end":{"line":36,"column":27}},"loc":{"start":{"line":36,"column":32},"end":{"line":61,"column":1}}},"3":{"name":"formatMonthNumber","decl":{"start":{"line":63,"column":16},"end":{"line":63,"column":33}},"loc":{"start":{"line":63,"column":39},"end":{"line":104,"column":1}}}},"branchMap":{"0":{"loc":{"start":{"line":42,"column":2},"end":{"line":42,"column":44}},"type":"if","locations":[{"start":{"line":42,"column":2},"end":{"line":42,"column":44}}]},"1":{"loc":{"start":{"line":43,"column":2},"end":{"line":43,"column":38}},"type":"if","locations":[{"start":{"line":43,"column":2},"end":{"line":43,"column":38}}]},"2":{"loc":{"start":{"line":64,"column":2},"end":{"line":103,"column":null}},"type":"switch","locations":[{"start":{"line":65,"column":4},"end":{"line":66,"column":15}},{"start":{"line":68,"column":4},"end":{"line":69,"column":15}},{"start":{"line":71,"column":4},"end":{"line":72,"column":15}},{"start":{"line":74,"column":4},"end":{"line":75,"column":15}},{"start":{"line":77,"column":4},"end":{"line":78,"column":15}},{"start":{"line":80,"column":4},"end":{"line":81,"column":15}},{"start":{"line":83,"column":4},"end":{"line":84,"column":15}},{"start":{"line":86,"column":4},"end":{"line":87,"column":15}},{"start":{"line":89,"column":4},"end":{"line":90,"column":15}},{"start":{"line":92,"column":4},"end":{"line":93,"column":16}},{"start":{"line":95,"column":4},"end":{"line":96,"column":16}},{"start":{"line":98,"column":4},"end":{"line":99,"column":16}},{"start":{"line":101,"column":4},"end":{"line":102,"column":12}}]}},"s":{"0":25,"1":25,"2":25,"3":25,"4":25,"5":25,"6":25,"7":25,"8":4,"9":0,"10":0,"11":0,"12":0,"13":0,"14":0,"15":0,"16":4,"17":9,"18":9,"19":9,"20":9,"21":9,"22":9,"23":9,"24":1,"25":9,"26":9,"27":4,"28":20,"29":1,"30":2,"31":2,"32":6,"33":1,"34":1,"35":1,"36":2,"37":1,"38":1,"39":1,"40":1,"41":0,"42":4},"f":{"0":25,"1":0,"2":9,"3":20},"b":{"0":[9],"1":[1],"2":[1,2,2,6,1,1,1,2,1,1,1,1,0]}}
,"C:\\projetos\\AppQuarto237\\src\\utils\\ordenation.ts": {"path":"C:\\projetos\\AppQuarto237\\src\\utils\\ordenation.ts","statementMap":{"0":{"start":{"line":1,"column":35},"end":{"line":5,"column":1}},"1":{"start":{"line":2,"column":2},"end":{"line":4,"column":4}},"2":{"start":{"line":3,"column":4},"end":{"line":3,"column":null}},"3":{"start":{"line":1,"column":13},"end":{"line":1,"column":35}},"4":{"start":{"line":7,"column":23},"end":{"line":12,"column":1}},"5":{"start":{"line":8,"column":2},"end":{"line":11,"column":9}},"6":{"start":{"line":9,"column":4},"end":{"line":9,"column":59}},"7":{"start":{"line":10,"column":4},"end":{"line":10,"column":17}},"8":{"start":{"line":7,"column":13},"end":{"line":7,"column":23}},"9":{"start":{"line":14,"column":28},"end":{"line":20,"column":1}},"10":{"start":{"line":15,"column":2},"end":{"line":18,"column":null}},"11":{"start":{"line":15,"column":15},"end":{"line":15,"column":31}},"12":{"start":{"line":16,"column":14},"end":{"line":16,"column":49}},"13":{"start":{"line":17,"column":4},"end":{"line":17,"column":27}},"14":{"start":{"line":19,"column":2},"end":{"line":19,"column":15}},"15":{"start":{"line":14,"column":13},"end":{"line":14,"column":28}}},"fnMap":{"0":{"name":"(anonymous_0)","decl":{"start":{"line":1,"column":35},"end":{"line":1,"column":36}},"loc":{"start":{"line":1,"column":48},"end":{"line":5,"column":1}}},"1":{"name":"(anonymous_1)","decl":{"start":{"line":2,"column":21},"end":{"line":2,"column":22}},"loc":{"start":{"line":2,"column":34},"end":{"line":3,"column":9}}},"2":{"name":"(anonymous_2)","decl":{"start":{"line":7,"column":23},"end":{"line":7,"column":24}},"loc":{"start":{"line":7,"column":35},"end":{"line":12,"column":1}}},"3":{"name":"(anonymous_3)","decl":{"start":{"line":8,"column":23},"end":{"line":8,"column":33}},"loc":{"start":{"line":8,"column":44},"end":{"line":11,"column":3}}},"4":{"name":"(anonymous_4)","decl":{"start":{"line":14,"column":28},"end":{"line":14,"column":29}},"loc":{"start":{"line":14,"column":34},"end":{"line":20,"column":1}}}},"branchMap":{"0":{"loc":{"start":{"line":2,"column":9},"end":{"line":3,"column":null}},"type":"cond-expr","locations":[{"start":{"line":2,"column":14},"end":{"line":2,"column":16}},{"start":{"line":2,"column":9},"end":{"line":3,"column":null}}]},"1":{"loc":{"start":{"line":2,"column":9},"end":{"line":2,"column":16}},"type":"binary-expr","locations":[{"start":{"line":2,"column":9},"end":{"line":2,"column":16}},{"start":{"line":2,"column":9},"end":{"line":2,"column":16}}]},"2":{"loc":{"start":{"line":3,"column":4},"end":{"line":3,"column":74}},"type":"cond-expr","locations":[{"start":{"line":3,"column":34},"end":{"line":3,"column":36}},{"start":{"line":3,"column":39},"end":{"line":3,"column":74}}]},"3":{"loc":{"start":{"line":3,"column":39},"end":{"line":3,"column":74}},"type":"cond-expr","locations":[{"start":{"line":3,"column":69},"end":{"line":3,"column":70}},{"start":{"line":3,"column":73},"end":{"line":3,"column":74}}]},"4":{"loc":{"start":{"line":9,"column":24},"end":{"line":9,"column":46}},"type":"binary-expr","locations":[{"start":{"line":9,"column":24},"end":{"line":9,"column":40}},{"start":{"line":9,"column":44},"end":{"line":9,"column":46}}]}},"s":{"0":2,"1":5,"2":15,"3":2,"4":2,"5":3,"6":7,"7":7,"8":2,"9":2,"10":1,"11":1,"12":6,"13":6,"14":1,"15":2},"f":{"0":5,"1":15,"2":3,"3":7,"4":1},"b":{"0":[0,5],"1":[5,5],"2":[13,2],"3":[0,2],"4":[7,7]}}
}
