TN:
SF:src\api\axios.ts
FNF:0
FNH:0
DA:1,2
DA:3,2
DA:10,2
LF:3
LH:3
BRF:0
BRH:0
end_of_record
TN:
SF:src\componentes\FormControlled\index.tsx
FN:28,(anonymous_3)
FN:38,(anonymous_4)
FN:40,(anonymous_5)
FN:73,(anonymous_6)
FN:101,(anonymous_7)
FN:114,(anonymous_8)
FN:127,(anonymous_9)
FN:140,(anonymous_10)
FNF:8
FNH:7
FNDA:79,(anonymous_3)
FNDA:84,(anonymous_4)
FNDA:5,(anonymous_5)
FNDA:0,(anonymous_6)
FNDA:10,(anonymous_7)
FNDA:48,(anonymous_8)
FNDA:1,(anonymous_9)
FNDA:10,(anonymous_10)
DA:1,1
DA:2,1
DA:3,1
DA:4,1
DA:5,1
DA:6,1
DA:28,1
DA:30,79
DA:31,79
DA:32,79
DA:38,84
DA:40,79
DA:41,5
DA:73,79
DA:74,0
DA:75,0
DA:76,0
DA:84,79
DA:102,10
DA:115,48
DA:128,1
DA:141,10
DA:176,1
LF:23
LH:20
BRF:0
BRH:0
end_of_record
TN:
SF:src\componentes\FormControlled\styles.tsx
FNF:0
FNH:0
DA:1,1
DA:3,1
DA:15,1
LF:3
LH:3
BRDA:3,0,0,1
BRDA:3,0,1,1
BRDA:15,1,0,1
BRDA:15,1,1,1
BRF:4
BRH:4
end_of_record
TN:
SF:src\componentes\FormControlled\Input\index.tsx
FN:4,(anonymous_3)
FN:13,(anonymous_4)
FNF:2
FNH:2
FNDA:319,(anonymous_3)
FNDA:3,(anonymous_4)
DA:1,1
DA:2,1
DA:4,319
DA:5,319
DA:7,319
DA:13,3
DA:20,1
LF:7
LH:7
BRDA:15,0,0,319
BRDA:15,0,1,41
BRF:2
BRH:2
end_of_record
TN:
SF:src\componentes\FormControlled\Input\styles.tsx
FNF:0
FNH:0
DA:1,1
DA:3,1
DA:14,1
DA:21,1
LF:4
LH:4
BRDA:3,0,0,1
BRDA:3,0,1,1
BRDA:14,1,0,1
BRDA:14,1,1,1
BRDA:21,2,0,1
BRDA:21,2,1,1
BRF:6
BRH:6
end_of_record
TN:
SF:src\componentes\Main\index.tsx
FN:12,(anonymous_3)
FN:16,(anonymous_4)
FN:18,(anonymous_5)
FN:40,(anonymous_6)
FN:72,(anonymous_7)
FN:76,(anonymous_8)
FNF:6
FNH:3
FNDA:2,(anonymous_3)
FNDA:2,(anonymous_4)
FNDA:2,(anonymous_5)
FNDA:0,(anonymous_6)
FNDA:0,(anonymous_7)
FNDA:0,(anonymous_8)
DA:1,1
DA:2,1
DA:3,1
DA:4,1
DA:5,1
DA:6,1
DA:7,1
DA:8,1
DA:9,1
DA:10,1
DA:12,1
DA:13,2
DA:14,2
DA:15,2
DA:16,2
DA:18,2
DA:19,2
DA:22,2
DA:24,2
DA:41,0
DA:42,0
DA:43,0
DA:73,0
DA:74,0
DA:76,0
DA:115,1
LF:26
LH:20
BRDA:38,0,0,0
BRDA:38,0,1,2
BRDA:42,1,0,0
BRF:3
BRH:1
end_of_record
TN:
SF:src\componentes\Main\styles.tsx
FNF:0
FNH:0
DA:1,1
DA:3,1
DA:8,1
DA:21,1
DA:27,1
DA:47,1
LF:6
LH:6
BRDA:3,0,0,1
BRDA:3,0,1,1
BRDA:8,1,0,1
BRDA:8,1,1,1
BRDA:21,2,0,1
BRDA:21,2,1,1
BRDA:27,3,0,1
BRDA:27,3,1,1
BRDA:47,4,0,1
BRDA:47,4,1,1
BRF:10
BRH:10
end_of_record
TN:
SF:src\componentes\Navbar\index.tsx
FN:12,(anonymous_2)
FN:14,(anonymous_3)
FNF:2
FNH:1
FNDA:4,(anonymous_2)
FNDA:0,(anonymous_3)
DA:1,1
DA:2,1
DA:12,1
DA:13,4
DA:14,4
DA:16,4
DA:61,1
LF:7
LH:7
BRF:0
BRH:0
end_of_record
TN:
SF:src\componentes\Navbar\styles.tsx
FN:10,(anonymous_2)
FNF:1
FNH:1
FNDA:4,(anonymous_2)
DA:1,1
DA:2,1
DA:4,1
DA:9,1
DA:10,4
DA:16,1
DA:26,1
DA:62,1
DA:91,1
DA:100,1
DA:107,1
LF:11
LH:11
BRDA:9,0,0,1
BRDA:9,0,1,1
BRDA:10,1,0,4
BRDA:10,1,1,0
BRDA:16,2,0,1
BRDA:16,2,1,1
BRDA:26,3,0,1
BRDA:26,3,1,1
BRDA:62,4,0,1
BRDA:62,4,1,1
BRDA:91,5,0,1
BRDA:91,5,1,1
BRDA:100,6,0,1
BRDA:100,6,1,1
BRDA:107,7,0,1
BRDA:107,7,1,1
BRF:16
BRH:15
end_of_record
TN:
SF:src\componentes\OtherReleases\index.tsx
FN:7,(anonymous_2)
FN:8,(anonymous_3)
FN:14,(anonymous_4)
FN:25,(anonymous_5)
FN:40,(anonymous_6)
FN:50,(anonymous_7)
FNF:6
FNH:2
FNDA:2,(anonymous_2)
FNDA:2,(anonymous_3)
FNDA:0,(anonymous_4)
FNDA:0,(anonymous_5)
FNDA:0,(anonymous_6)
FNDA:0,(anonymous_7)
DA:2,1
DA:3,1
DA:4,1
DA:5,1
DA:7,1
DA:8,2
DA:10,2
DA:11,2
DA:13,2
DA:15,0
DA:16,0
DA:17,0
DA:18,0
DA:25,0
DA:26,0
DA:27,0
DA:31,0
DA:32,0
DA:40,0
DA:42,2
DA:44,2
DA:51,0
DA:82,1
LF:23
LH:12
BRDA:26,0,0,0
BRDA:26,1,0,0
BRDA:26,1,1,0
BRDA:31,2,0,0
BRDA:48,3,0,0
BRDA:48,3,1,2
BRDA:48,4,0,0
BRDA:48,4,1,2
BRDA:48,5,0,2
BRDA:48,5,1,2
BRF:10
BRH:4
end_of_record
TN:
SF:src\componentes\OtherReleases\styles.tsx
FNF:0
FNH:0
DA:1,1
DA:3,1
LF:2
LH:2
BRDA:3,0,0,1
BRDA:3,0,1,1
BRF:2
BRH:2
end_of_record
TN:
SF:src\componentes\Section\index.tsx
FN:9,(anonymous_2)
FN:12,(anonymous_3)
FN:16,(anonymous_4)
FN:23,(anonymous_5)
FN:41,(anonymous_6)
FN:46,(anonymous_7)
FN:62,(anonymous_8)
FNF:7
FNH:3
FNDA:2,(anonymous_2)
FNDA:2,(anonymous_3)
FNDA:2,(anonymous_4)
FNDA:0,(anonymous_5)
FNDA:0,(anonymous_6)
FNDA:0,(anonymous_7)
FNDA:0,(anonymous_8)
DA:1,1
DA:2,1
DA:3,1
DA:4,1
DA:5,1
DA:6,1
DA:7,1
DA:8,1
DA:9,1
DA:10,2
DA:12,2
DA:13,2
DA:16,2
DA:18,2
DA:19,2
DA:21,2
DA:23,2
DA:24,0
DA:25,0
DA:33,2
DA:35,2
DA:42,0
DA:45,0
DA:46,0
DA:47,0
DA:54,0
DA:55,0
DA:62,0
DA:63,0
DA:67,0
DA:68,0
DA:70,0
DA:75,0
DA:76,0
DA:102,1
LF:35
LH:20
BRDA:39,0,0,0
BRDA:39,0,1,2
BRDA:48,1,0,0
BRDA:48,1,1,0
BRDA:48,2,0,0
BRDA:48,2,1,0
BRDA:63,3,0,0
BRDA:64,4,0,0
BRDA:64,4,1,0
BRDA:67,5,0,0
BRDA:67,5,1,0
BRDA:75,6,0,0
BRDA:75,7,0,0
BRDA:75,7,1,0
BRDA:75,7,2,0
BRF:15
BRH:1
end_of_record
TN:
SF:src\componentes\Section\styles.tsx
FNF:0
FNH:0
DA:1,1
DA:3,1
LF:2
LH:2
BRDA:3,0,0,1
BRDA:3,0,1,1
BRF:2
BRH:2
end_of_record
TN:
SF:src\store\redux\actions.ts
FN:17,(anonymous_1)
FN:18,(anonymous_2)
FN:21,(anonymous_3)
FN:24,(anonymous_4)
FN:30,(anonymous_5)
FN:31,(anonymous_6)
FN:34,(anonymous_7)
FN:37,(anonymous_8)
FN:43,(anonymous_9)
FN:44,(anonymous_10)
FN:47,(anonymous_11)
FN:50,(anonymous_12)
FNF:12
FNH:5
FNDA:7,(anonymous_1)
FNDA:7,(anonymous_2)
FNDA:5,(anonymous_3)
FNDA:0,(anonymous_4)
FNDA:2,(anonymous_5)
FNDA:2,(anonymous_6)
FNDA:0,(anonymous_7)
FNDA:0,(anonymous_8)
FNDA:0,(anonymous_9)
FNDA:0,(anonymous_10)
FNDA:0,(anonymous_11)
FNDA:0,(anonymous_12)
DA:1,2
DA:2,2
DA:17,2
DA:18,7
DA:19,7
DA:22,5
DA:25,0
DA:30,2
DA:31,2
DA:32,2
DA:35,0
DA:38,0
DA:43,2
DA:44,0
DA:45,0
DA:48,0
DA:51,0
LF:17
LH:10
BRF:0
BRH:0
end_of_record
TN:
SF:src\store\redux\reducers.tsx
FN:5,(anonymous_1)
FN:23,(anonymous_2)
FNF:2
FNH:1
FNDA:11,(anonymous_1)
FNDA:0,(anonymous_2)
DA:1,2
DA:5,17
DA:6,11
DA:10,5
DA:13,0
DA:14,0
DA:16,6
DA:20,2
DA:23,2
DA:24,0
DA:26,0
DA:28,0
DA:31,2
LF:13
LH:8
BRDA:5,0,0,6
BRDA:6,1,0,5
BRDA:6,1,1,0
BRDA:6,1,2,6
BRDA:23,2,0,0
BRDA:24,3,0,0
BRDA:24,3,1,0
BRF:7
BRH:3
end_of_record
TN:
SF:src\store\redux\store.tsx
FNF:0
FNH:0
DA:1,2
DA:2,2
DA:3,2
DA:6,2
DA:11,2
DA:13,2
LF:6
LH:6
BRF:0
BRH:0
end_of_record
TN:
SF:src\utils\data.ts
FN:1,formatDate
FN:23,formatDateMovieId
FN:36,formatMonth
FN:63,formatMonthNumber
FNF:4
FNH:3
FNDA:25,formatDate
FNDA:0,formatDateMovieId
FNDA:9,formatMonth
FNDA:20,formatMonthNumber
DA:1,4
DA:2,25
DA:16,25
DA:17,25
DA:18,25
DA:20,25
DA:23,4
DA:25,0
DA:26,0
DA:28,0
DA:29,0
DA:30,0
DA:32,0
DA:33,0
DA:36,4
DA:37,9
DA:38,9
DA:39,9
DA:40,9
DA:42,9
DA:43,9
DA:45,9
DA:60,9
DA:63,4
DA:64,20
DA:66,1
DA:69,2
DA:72,2
DA:75,6
DA:78,1
DA:81,1
DA:84,1
DA:87,2
DA:90,1
DA:93,1
DA:96,1
DA:99,1
DA:102,0
LF:38
LH:30
BRDA:42,0,0,9
BRDA:43,1,0,1
BRDA:64,2,0,1
BRDA:64,2,1,2
BRDA:64,2,2,2
BRDA:64,2,3,6
BRDA:64,2,4,1
BRDA:64,2,5,1
BRDA:64,2,6,1
BRDA:64,2,7,2
BRDA:64,2,8,1
BRDA:64,2,9,1
BRDA:64,2,10,1
BRDA:64,2,11,1
BRDA:64,2,12,0
BRF:15
BRH:14
end_of_record
TN:
SF:src\utils\ordenation.ts
FN:1,(anonymous_0)
FN:2,(anonymous_1)
FN:7,(anonymous_2)
FN:8,(anonymous_3)
FN:14,(anonymous_4)
FNF:5
FNH:5
FNDA:5,(anonymous_0)
FNDA:15,(anonymous_1)
FNDA:3,(anonymous_2)
FNDA:7,(anonymous_3)
FNDA:1,(anonymous_4)
DA:1,2
DA:2,5
DA:3,15
DA:7,2
DA:8,3
DA:9,7
DA:10,7
DA:14,2
DA:15,1
DA:16,6
DA:17,6
DA:19,1
LF:12
LH:12
BRDA:2,0,0,0
BRDA:2,0,1,5
BRDA:2,1,0,5
BRDA:2,1,1,5
BRDA:3,2,0,13
BRDA:3,2,1,2
BRDA:3,3,0,0
BRDA:3,3,1,2
BRDA:9,4,0,7
BRDA:9,4,1,7
BRF:10
BRH:8
end_of_record
